<?xml version="1.0" encoding="UTF-8"?>
<!-- Generated by org.testng.reporters.JUnitReportReporter -->
<testsuite hostname="WKWUS7501724" failures="0" tests="4" name="api.test.UserTests" time="9.866" errors="0" timestamp="2024-02-28T11:21:40 PST" skipped="0">
  <testcase classname="api.test.UserTests" name="testPostUser" time="3.622"/>
  <system-out/>
  <testcase classname="api.test.UserTests" name="testGetUserByName" time="1.592"/>
  <system-out/>
  <testcase classname="api.test.UserTests" name="testUpdateUserByName" time="3.113"/>
  <system-out/>
  <testcase classname="api.test.UserTests" name="testDeleteUserByName" time="1.539"/>
  <system-out/>
</testsuite> <!-- api.test.UserTests -->
