<?xml version="1.0" encoding="UTF-8"?>
<!-- Generated by org.testng.reporters.JUnitReportReporter -->
<testsuite hostname="WKWUS7501724" failures="0" tests="4" name="api.test.UserTests2" time="9.782" errors="0" timestamp="2024-02-29T10:03:25 PST" skipped="0">
  <testcase classname="api.test.UserTests2" name="testPostUser" time="3.509"/>
  <system-out/>
  <testcase classname="api.test.UserTests2" name="testGetUserByName" time="1.577"/>
  <system-out/>
  <testcase classname="api.test.UserTests2" name="testUpdateUserByName" time="3.139"/>
  <system-out/>
  <testcase classname="api.test.UserTests2" name="testDeleteUserByName" time="1.557"/>
  <system-out/>
</testsuite> <!-- api.test.UserTests2 -->
