<?xml version="1.0" encoding="UTF-8"?>
<!-- Generated by org.testng.reporters.JUnitReportReporter -->
<testsuite hostname="WKWUS7501724" failures="0" tests="6" name="api.test.DDTests" time="11.500" errors="0" timestamp="2024-02-28T10:38:06 PST" skipped="0">
  <testcase classname="api.test.DDTests" name="testPostUsers" time="1.528"/>
  <system-out/>
  <testcase classname="api.test.DDTests" name="testPostUsers" time="3.608"/>
  <system-out/>
  <testcase classname="api.test.DDTests" name="testPostUsers" time="1.535"/>
  <system-out/>
  <testcase classname="api.test.DDTests" name="testDeleteUserByName" time="1.714"/>
  <system-out/>
  <testcase classname="api.test.DDTests" name="testDeleteUserByName" time="1.481"/>
  <system-out/>
  <testcase classname="api.test.DDTests" name="testDeleteUserByName" time="1.634"/>
  <system-out/>
</testsuite> <!-- api.test.DDTests -->
