<?xml version="1.0" encoding="UTF-8"?>
<!-- Generated by org.testng.reporters.JUnitReportReporter -->
<testsuite hostname="WKWUS7501724" failures="0" tests="4" name="api.test.UserTests2" time="9.759" errors="0" timestamp="2024-02-29T10:26:34 PST" skipped="0">
  <testcase classname="api.test.UserTests2" name="testPostUser" time="3.566"/>
  <system-out/>
  <testcase classname="api.test.UserTests2" name="testGetUserByName" time="1.553"/>
  <system-out/>
  <testcase classname="api.test.UserTests2" name="testUpdateUserByName" time="3.099"/>
  <system-out/>
  <testcase classname="api.test.UserTests2" name="testDeleteUserByName" time="1.541"/>
  <system-out/>
</testsuite> <!-- api.test.UserTests2 -->
